CLI version: 3.0.0.1081
Device serial: 
Starting CONFIG DEVICE procedure
Device type: 0x2
Device index: 0
CONFIG DEVICE procedure failed
Error code: 0x80000036
Error message: Already configured
CLI version: 3.0.0.1081
Starting READ BOOT MEDIA procedure
Device type: 0x2
Device index: 0
Start offset: 0
Blocks to read: 0x1000
Partition index: 0x10
READ BOOT MEDIA procedure failed
Error code: 0x80000031
Error message: RPMB not provisioned
CLI version: 3.0.0.1081
Starting DOWNLOADFWOS procedure
DOWNLOADFWOS procedure success
CLI version: 3.0.0.1081
Starting CLEAR RPMB procedure
Device type: 0x2
Device index: 0
CLEAR RPMB procedure success
